<?xml version="1.0" encoding="UTF-8"?>
<!-- Generated by org.testng.reporters.JUnitReportReporter -->
<testsuite hostname="LAMU02FN5ZCMD6R.uhc.com." failures="0" tests="4" name="com.experian.qa.testcases.HomePageTest" time="0.001" errors="1" timestamp="2022-07-08T17:44:07 IST" skipped="3">
  <testcase classname="com.experian.qa.testcases.HomePageTest" name="verifyCreditCardTabtest" time="0.000">
    <skipped/>
  </testcase> <!-- verifyCreditCardTabtest -->
  <system-out/>
  <testcase classname="com.experian.qa.testcases.HomePageTest" name="setup" time="0.001">
    <error message="&#039;com.google.common.collect.ImmutableMap com.google.common.collect.ImmutableMap.of(java.lang.Object, java.lang.Object, java.lang.Object, java.lang.Object, java.lang.Object, java.lang.Object, java.lang.Object, java.lang.Object, java.lang.Object, java.lang.Object, java.lang.Object, java.lang.Object)&#039;" type="java.lang.NoSuchMethodError">
      <![CDATA[java.lang.NoSuchMethodError: 'com.google.common.collect.ImmutableMap com.google.common.collect.ImmutableMap.of(java.lang.Object, java.lang.Object, java.lang.Object, java.lang.Object, java.lang.Object, java.lang.Object, java.lang.Object, java.lang.Object, java.lang.Object, java.lang.Object, java.lang.Object, java.lang.Object)'
at org.openqa.selenium.chrome.AddHasCasting.getAdditionalCommands(AddHasCasting.java:38)
at org.openqa.selenium.chrome.ChromeDriver$ChromeDriverCommandExecutor.getExtraCommands(ChromeDriver.java:123)
at org.openqa.selenium.chrome.ChromeDriver$ChromeDriverCommandExecutor.<init>(ChromeDriver.java:118)
at org.openqa.selenium.chrome.ChromeDriver.<init>(ChromeDriver.java:106)
at org.openqa.selenium.chrome.ChromeDriver.<init>(ChromeDriver.java:93)
at org.openqa.selenium.chrome.ChromeDriver.<init>(ChromeDriver.java:48)
at com.experian.qa.base.TestBase.initialization(TestBase.java:58)
at com.experian.qa.testcases.HomePageTest.setup(HomePageTest.java:25)
at java.base/jdk.internal.reflect.NativeMethodAccessorImpl.invoke0(Native Method)
at java.base/jdk.internal.reflect.NativeMethodAccessorImpl.invoke(NativeMethodAccessorImpl.java:62)
at java.base/jdk.internal.reflect.DelegatingMethodAccessorImpl.invoke(DelegatingMethodAccessorImpl.java:43)
at java.base/java.lang.reflect.Method.invoke(Method.java:566)
at org.testng.internal.invokers.MethodInvocationHelper.invokeMethod(MethodInvocationHelper.java:135)
at org.testng.internal.invokers.MethodInvocationHelper.invokeMethodConsideringTimeout(MethodInvocationHelper.java:65)
at org.testng.internal.invokers.ConfigInvoker.invokeConfigurationMethod(ConfigInvoker.java:381)
at org.testng.internal.invokers.ConfigInvoker.invokeConfigurations(ConfigInvoker.java:319)
at org.testng.internal.invokers.TestInvoker.runConfigMethods(TestInvoker.java:803)
at org.testng.internal.invokers.TestInvoker.invokeMethod(TestInvoker.java:589)
at org.testng.internal.invokers.TestInvoker.invokeTestMethod(TestInvoker.java:220)
at org.testng.internal.invokers.MethodRunner.runInSequence(MethodRunner.java:50)
at org.testng.internal.invokers.TestInvoker$MethodInvocationAgent.invoke(TestInvoker.java:945)
at org.testng.internal.invokers.TestInvoker.invokeTestMethods(TestInvoker.java:193)
at org.testng.internal.invokers.TestMethodWorker.invokeTestMethods(TestMethodWorker.java:146)
at org.testng.internal.invokers.TestMethodWorker.run(TestMethodWorker.java:128)
at java.base/java.util.ArrayList.forEach(ArrayList.java:1541)
at org.testng.TestRunner.privateRun(TestRunner.java:808)
at org.testng.TestRunner.run(TestRunner.java:603)
at org.testng.SuiteRunner.runTest(SuiteRunner.java:429)
at org.testng.SuiteRunner.runSequentially(SuiteRunner.java:423)
at org.testng.SuiteRunner.privateRun(SuiteRunner.java:383)
at org.testng.SuiteRunner.run(SuiteRunner.java:326)
at org.testng.SuiteRunnerWorker.runSuite(SuiteRunnerWorker.java:52)
at org.testng.SuiteRunnerWorker.run(SuiteRunnerWorker.java:95)
at org.testng.TestNG.runSuitesSequentially(TestNG.java:1249)
at org.testng.TestNG.runSuitesLocally(TestNG.java:1169)
at org.testng.TestNG.runSuites(TestNG.java:1092)
at org.testng.TestNG.run(TestNG.java:1060)
at org.apache.maven.surefire.testng.TestNGExecutor.run(TestNGExecutor.java:77)
at org.apache.maven.surefire.testng.TestNGDirectoryTestSuite.executeMulti(TestNGDirectoryTestSuite.java:159)
at org.apache.maven.surefire.testng.TestNGDirectoryTestSuite.execute(TestNGDirectoryTestSuite.java:99)
at org.apache.maven.surefire.testng.TestNGProvider.invoke(TestNGProvider.java:106)
at java.base/jdk.internal.reflect.NativeMethodAccessorImpl.invoke0(Native Method)
at java.base/jdk.internal.reflect.NativeMethodAccessorImpl.invoke(NativeMethodAccessorImpl.java:62)
at java.base/jdk.internal.reflect.DelegatingMethodAccessorImpl.invoke(DelegatingMethodAccessorImpl.java:43)
at java.base/java.lang.reflect.Method.invoke(Method.java:566)
at org.apache.maven.surefire.util.ReflectionUtils.invokeMethodWithArray(ReflectionUtils.java:189)
at org.apache.maven.surefire.booter.ProviderFactory$ProviderProxy.invoke(ProviderFactory.java:165)
at org.apache.maven.surefire.booter.ProviderFactory.invokeProvider(ProviderFactory.java:85)
at org.apache.maven.surefire.booter.ForkedBooter.runSuitesInProcess(ForkedBooter.java:115)
at org.apache.maven.surefire.booter.ForkedBooter.main(ForkedBooter.java:75)
]]>
    </error>
  </testcase> <!-- setup -->
  <system-out/>
  <testcase classname="com.experian.qa.testcases.HomePageTest" name="verifyCarInsuranceTabtest" time="0.000">
    <skipped/>
  </testcase> <!-- verifyCarInsuranceTabtest -->
  <system-out/>
  <testcase classname="com.experian.qa.testcases.HomePageTest" name="verifyLoansTabtest" time="0.000">
    <skipped/>
  </testcase> <!-- verifyLoansTabtest -->
  <system-out/>
</testsuite> <!-- com.experian.qa.testcases.HomePageTest -->
