<?xml version="1.0" encoding="UTF-8"?>
<!-- Generated by org.testng.reporters.JUnitReportReporter -->
<testsuite hostname="LAMU02FN5ZCMD6R.uhc.com." failures="0" tests="3" name="com.experian.qa.testcases.HomePageTest" time="115.623" errors="0" timestamp="2022-07-05T14:25:52 IST" skipped="0">
  <testcase classname="com.experian.qa.testcases.HomePageTest" name="verifyCreditCardTabtest" time="34.111"/>
  <system-out/>
  <testcase classname="com.experian.qa.testcases.HomePageTest" name="verifyLoansTabtest" time="34.024"/>
  <system-out/>
  <testcase classname="com.experian.qa.testcases.HomePageTest" name="verifyCarInsuranceTabtest" time="47.488"/>
  <system-out/>
</testsuite> <!-- com.experian.qa.testcases.HomePageTest -->
