<?xml version="1.0" encoding="UTF-8"?>
<!-- Generated by org.testng.reporters.JUnitReportReporter -->
<testsuite hostname="LAMU02FN5ZCMD6R.uhc.com." failures="0" tests="5" name="com.experian.qa.testcases.ConsolidatingOtherDebtsTest" time="61.637" errors="0" timestamp="2022-06-30T11:34:34 IST" skipped="0">
  <testcase classname="com.experian.qa.testcases.ConsolidatingOtherDebtsTest" name="invalidBorrowAmountMoreThen50000Test" time="12.401"/>
  <system-out/>
  <testcase classname="com.experian.qa.testcases.ConsolidatingOtherDebtsTest" name="invalidBorrowAmountLessThen500Test" time="11.982"/>
  <system-out/>
  <testcase classname="com.experian.qa.testcases.ConsolidatingOtherDebtsTest" name="invalidBorrowAmountLessThen500Test" time="11.870"/>
  <system-out/>
  <testcase classname="com.experian.qa.testcases.ConsolidatingOtherDebtsTest" name="invalidBorrowAmountLessThen500Test" time="12.397"/>
  <system-out/>
  <testcase classname="com.experian.qa.testcases.ConsolidatingOtherDebtsTest" name="invalidBorrowAmountLessThen500Test" time="12.987"/>
  <system-out/>
</testsuite> <!-- com.experian.qa.testcases.ConsolidatingOtherDebtsTest -->
