<?xml version="1.0" encoding="UTF-8"?>
<!-- Generated by org.testng.reporters.JUnitReportReporter -->
<testsuite hostname="LAMU02FN5ZCMD6R.uhc.com." failures="0" tests="3" name="com.experian.qa.testcases.HomePageTest" time="42.812" errors="0" timestamp="2022-06-13T17:47:40 IST" skipped="0">
  <testcase classname="com.experian.qa.testcases.HomePageTest" name="verifyCarInsuranceTabtest" time="18.633"/>
  <system-out/>
  <testcase classname="com.experian.qa.testcases.HomePageTest" name="verifyCreditCardTabtest" time="12.575"/>
  <system-out/>
  <testcase classname="com.experian.qa.testcases.HomePageTest" name="verifyLoansTabtest" time="11.604"/>
  <system-out/>
</testsuite> <!-- com.experian.qa.testcases.HomePageTest -->
