<?xml version="1.0" encoding="UTF-8"?>
<!-- Generated by org.testng.reporters.JUnitReportReporter -->
<testsuite hostname="LAMU02FN5ZCMD6R.uhc.com." failures="0" tests="1" name="com.experian.qa.testcases.TermsAndConditionsTest" time="21.097" errors="0" timestamp="2022-06-05T21:25:32 IST" skipped="0">
  <testcase classname="com.experian.qa.testcases.TermsAndConditionsTest" name="validateTitleTest" time="21.097"/>
  <system-out/>
</testsuite> <!-- com.experian.qa.testcases.TermsAndConditionsTest -->
