<?xml version="1.0" encoding="UTF-8"?>
<!-- Generated by org.testng.reporters.JUnitReportReporter -->
<testsuite hostname="LAMU02FN5ZCMD6R.uhc.com." failures="0" tests="3" name="com.experian.qa.testcases.HomePageTest" time="90.090" errors="0" timestamp="2022-07-29T13:46:20 IST" skipped="0">
  <testcase classname="com.experian.qa.testcases.HomePageTest" name="verifyLoansTabtest" time="29.492"/>
  <system-out/>
  <testcase classname="com.experian.qa.testcases.HomePageTest" name="verifyCreditCardTabtest" time="28.046"/>
  <system-out/>
  <testcase classname="com.experian.qa.testcases.HomePageTest" name="verifyCarInsuranceTabtest" time="32.552"/>
  <system-out/>
</testsuite> <!-- com.experian.qa.testcases.HomePageTest -->
