<?xml version="1.0" encoding="UTF-8"?>
<!-- Generated by org.testng.reporters.JUnitReportReporter -->
<testsuite hostname="LAMU02FN5ZCMD6R.uhc.com." failures="0" tests="3" name="com.experian.qa.testcases.HomePageTest" time="50.906" errors="0" timestamp="2022-06-05T21:25:32 IST" skipped="0">
  <testcase classname="com.experian.qa.testcases.HomePageTest" name="verifyCreditCardTabtest" time="15.863"/>
  <system-out/>
  <testcase classname="com.experian.qa.testcases.HomePageTest" name="verifyCarInsuranceTabtest" time="21.201"/>
  <system-out/>
  <testcase classname="com.experian.qa.testcases.HomePageTest" name="verifyLoansTabtest" time="13.842"/>
  <system-out/>
</testsuite> <!-- com.experian.qa.testcases.HomePageTest -->
